mode: set
urlshortener/cmd/urlshortener/main.go:11.13,16.2 4 0
urlshortener/internal/shortener/shortener.go:22.38,26.2 1 1
urlshortener/internal/shortener/shortener.go:28.69,29.30 1 1
urlshortener/internal/shortener/shortener.go:29.30,31.3 1 1
urlshortener/internal/shortener/shortener.go:33.2,35.6 3 1
urlshortener/internal/shortener/shortener.go:35.6,38.13 3 1
urlshortener/internal/shortener/shortener.go:38.13,40.12 2 0
urlshortener/internal/shortener/shortener.go:42.3,42.8 1 1
urlshortener/internal/shortener/shortener.go:45.2,48.21 3 1
urlshortener/internal/shortener/shortener.go:51.69,55.13 4 1
urlshortener/internal/shortener/shortener.go:55.13,57.3 1 1
urlshortener/internal/shortener/shortener.go:58.2,58.25 1 1
urlshortener/internal/shortener/shortener.go:62.29,67.2 4 1
urlshortener/internal/shortener/shortener.go:69.34,71.2 1 1
urlshortener/internal/api/handlers.go:11.61,13.9 2 1
urlshortener/internal/api/handlers.go:13.9,17.3 3 0
urlshortener/internal/api/handlers.go:18.2,19.13 2 1
urlshortener/internal/api/handlers.go:19.13,22.3 2 1
urlshortener/internal/api/handlers.go:23.2,24.9 2 1
urlshortener/internal/api/handlers.go:24.9,27.3 2 1
urlshortener/internal/api/handlers.go:29.2,30.9 2 1
urlshortener/internal/api/handlers.go:30.9,34.3 3 0
urlshortener/internal/api/handlers.go:35.2,36.16 2 1
urlshortener/internal/api/handlers.go:36.16,39.3 2 1
urlshortener/internal/api/handlers.go:41.2,41.81 1 1
urlshortener/internal/api/handlers.go:44.62,47.20 3 1
urlshortener/internal/api/handlers.go:47.20,51.3 3 0
urlshortener/internal/api/handlers.go:53.2,54.9 2 1
urlshortener/internal/api/handlers.go:54.9,58.3 3 0
urlshortener/internal/api/handlers.go:59.2,60.16 2 1
urlshortener/internal/api/handlers.go:60.16,63.3 2 1
urlshortener/internal/api/handlers.go:65.2,65.52 1 1
urlshortener/internal/api/middleware.go:20.64,22.48 1 1
urlshortener/internal/api/middleware.go:22.48,25.4 2 1
urlshortener/internal/api/middleware.go:29.59,31.48 1 1
urlshortener/internal/api/middleware.go:31.48,32.21 1 1
urlshortener/internal/api/middleware.go:32.21,35.68 3 1
urlshortener/internal/api/middleware.go:35.68,38.6 2 1
urlshortener/internal/api/middleware.go:39.5,40.27 2 1
urlshortener/internal/api/middleware.go:42.4,42.24 1 1
urlshortener/internal/api/middleware.go:47.78,48.46 1 1
urlshortener/internal/api/middleware.go:48.46,50.49 1 1
urlshortener/internal/api/middleware.go:50.49,51.27 1 1
urlshortener/internal/api/middleware.go:51.27,55.6 3 1
urlshortener/internal/api/middleware.go:56.5,56.25 1 1
urlshortener/internal/api/middleware.go:62.75,64.46 2 1
urlshortener/internal/api/middleware.go:64.46,66.49 1 1
urlshortener/internal/api/middleware.go:66.49,68.44 2 1
urlshortener/internal/api/middleware.go:68.44,71.6 2 1
urlshortener/internal/api/middleware.go:72.5,73.39 2 1
urlshortener/internal/api/middleware.go:73.39,74.38 1 1
urlshortener/internal/api/middleware.go:74.38,76.7 1 1
urlshortener/internal/api/middleware.go:76.12,76.37 1 0
urlshortener/internal/api/middleware.go:76.37,79.7 2 0
urlshortener/internal/api/middleware.go:81.5,82.42 2 1
urlshortener/internal/api/middleware.go:88.86,89.46 1 1
urlshortener/internal/api/middleware.go:89.46,91.49 1 1
urlshortener/internal/api/middleware.go:91.49,95.5 3 1
urlshortener/internal/api/utils.go:11.68,14.2 2 1
urlshortener/internal/api/utils.go:16.61,18.16 2 1
urlshortener/internal/api/utils.go:18.16,22.3 3 0
urlshortener/internal/api/utils.go:23.2,24.47 2 1
urlshortener/internal/api/utils.go:24.47,26.3 1 0
urlshortener/internal/api/utils.go:29.89,30.45 1 1
urlshortener/internal/api/utils.go:30.45,32.3 1 1
urlshortener/internal/api/utils.go:33.2,33.10 1 1
urlshortener/internal/api/utils.go:36.57,62.2 4 1
